#
# A fatal error has been detected by the Java Runtime Environment:
#
#  EXCEPTION_ACCESS_VIOLATION (0xc0000005) at pc=0x000000005c14d690, pid=31932, tid=0x0000000000009aa0
#
# JRE version: OpenJDK Runtime Environment (8.0_152-b06) (build 1.8.0_152-release-1136-b06)
# Java VM: OpenJDK 64-Bit Server VM (25.152-b06 mixed mode windows-amd64 compressed oops)
# Problematic frame:
# V  [jvm.dll+0x46d690]
#
# Failed to write core dump. Minidumps are not enabled by default on client versions of Windows
#
# If you would like to submit a bug report, please visit:
#   http://bugreport.java.com/bugreport/crash.jsp
#

---------------  T H R E A D  ---------------

Current thread (0x0000000016a1a800):  JavaThread "C2 CompilerThread0" daemon [_thread_in_native, id=39584, stack(0x0000000017a60000,0x0000000017b60000)]

siginfo: ExceptionCode=0xc0000005, reading address 0x000000007c4a61c0

Registers:
RAX=0x0000000000000000, RBX=0x000000001fe593b0, RCX=0x000000007c4a61c0, RDX=0x0000000000000000
RSP=0x0000000017b5c4d0, RBP=0x0000000000000021, RSI=0x0000000000000108, RDI=0x0000000017b5c520
R8 =0x0000000000000008, R9 =0x000000001b65e4a0, R10=0x000000005bce0000, R11=0x0000000017b5c3f0
R12=0x000000005c4a61c0, R13=0x000000005bce0000, R14=0x000000001af8a348, R15=0x00000000000003d8
RIP=0x000000005c14d690, EFLAGS=0x0000000000010246

Top of Stack: (sp=0x0000000017b5c4d0)
0x0000000017b5c4d0:   0000000017b5ecb0 000000001fe30ff0
0x0000000017b5c4e0:   fffffffffffffff8 000000000326eef0
0x0000000017b5c4f0:   00000000000033c3 000000005c14875f
0x0000000017b5c500:   000000001fe5c650 000000001fe593b0
0x0000000017b5c510:   00000000000033c3 0000000017b5c600
0x0000000017b5c520:   000012a300000000 0000000000000005
0x0000000017b5c530:   000000007c4a61c0 0000000000000013
0x0000000017b5c540:   000000001c8e94b0 0000000000000036
0x0000000017b5c550:   000000001ffa4a30 0000000017b5c8f0
0x0000000017b5c560:   000000001af89f70 0000000017b5c8f0
0x0000000017b5c570:   000000001af89f60 000000005c114c26
0x0000000017b5c580:   0000000017b5ca00 0000000017b5c680
0x0000000017b5c590:   0000000000000000 0000000000000005
0x0000000017b5c5a0:   0000000000000002 000000001af89f60
0x0000000017b5c5b0:   000000001b65b030 000000001b65e9a0
0x0000000017b5c5c0:   000000001b663018 0000000000dfa320 

Instructions: (pc=0x000000005c14d690)
0x000000005c14d670:   48 8b 4f 20 48 39 04 0e 0f 84 9d 00 00 00 48 8b
0x000000005c14d680:   0c 0e 33 d2 33 c0 48 89 4f 10 66 0f 1f 44 00 00
0x000000005c14d690:   83 3c 08 00 0f 85 36 01 00 00 ff c2 48 83 c0 04
0x000000005c14d6a0:   83 fa 08 72 eb 48 8b 47 30 48 89 44 24 30 48 85 


Register to memory mapping:

RAX=0x0000000000000000 is an unknown value
RBX=0x000000001fe593b0 is an unknown value
RCX=0x000000007c4a61c0 is an unknown value
RDX=0x0000000000000000 is an unknown value
RSP=0x0000000017b5c4d0 is pointing into the stack for thread: 0x0000000016a1a800
RBP=0x0000000000000021 is an unknown value
RSI=0x0000000000000108 is an unknown value
RDI=0x0000000017b5c520 is pointing into the stack for thread: 0x0000000016a1a800
R8 =0x0000000000000008 is an unknown value
R9 =0x000000001b65e4a0 is an unknown value
R10=0x000000005bce0000 is an unknown value
R11=0x0000000017b5c3f0 is pointing into the stack for thread: 0x0000000016a1a800
R12=0x000000005c4a61c0 is an unknown value
R13=0x000000005bce0000 is an unknown value
R14=0x000000001af8a348 is an unknown value
R15=0x00000000000003d8 is an unknown value


Stack: [0x0000000017a60000,0x0000000017b60000],  sp=0x0000000017b5c4d0,  free space=1009k
Native frames: (J=compiled Java code, j=interpreted, Vv=VM code, C=native code)
V  [jvm.dll+0x46d690]
V  [jvm.dll+0x46875f]
V  [jvm.dll+0x434c26]
V  [jvm.dll+0x43f99b]
V  [jvm.dll+0x44226e]
V  [jvm.dll+0x4252c2]
V  [jvm.dll+0x813d8]
V  [jvm.dll+0x81d0f]
V  [jvm.dll+0x21d41f]
V  [jvm.dll+0x26d9aa]
C  [msvcr100.dll+0x21d9f]
C  [msvcr100.dll+0x21e3b]
C  [KERNEL32.DLL+0x13034]
C  [ntdll.dll+0x73691]


Current CompileTask:
C2:  43698 4063       4       org.gradle.model.internal.type.ModelType::wrap (219 bytes)


---------------  P R O C E S S  ---------------

Java Threads: ( => current thread )
  0x0000000019709800 JavaThread "Memory manager" [_thread_blocked, id=12296, stack(0x000000001f690000,0x000000001f790000)]
  0x0000000019708800 JavaThread "Build operations Thread 2" [_thread_blocked, id=24752, stack(0x000000001dd70000,0x000000001de70000)]
  0x000000001970e800 JavaThread "Build operations" [_thread_blocked, id=32300, stack(0x000000001dc70000,0x000000001dd70000)]
  0x000000001970c800 JavaThread "Cache worker for Artifact transforms cache (C:\Users\Alexandra\.gradle\caches\transforms-1)" [_thread_blocked, id=2780, stack(0x000000001d970000,0x000000001da70000)]
  0x000000001afd3000 JavaThread "Cache worker for file hash cache (C:\Users\Alexandra\Desktop\Nova pasta\CMU\Projeto\.gradle\4.6\fileHashes)" [_thread_blocked, id=37620, stack(0x000000001bea0000,0x000000001bfa0000)]
  0x00000000189e6000 JavaThread "File lock request listener" [_thread_in_native, id=36384, stack(0x000000001bda0000,0x000000001bea0000)]
  0x0000000018660000 JavaThread "Cache worker for file hash cache (C:\Users\Alexandra\.gradle\caches\4.6\fileHashes)" [_thread_blocked, id=11612, stack(0x000000001bca0000,0x000000001bda0000)]
  0x0000000018796000 JavaThread "Stdin handler" [_thread_blocked, id=9900, stack(0x000000001a9d0000,0x000000001aad0000)]
  0x0000000018793000 JavaThread "Asynchronous log dispatcher for DefaultDaemonConnection: socket connection from /127.0.0.1:58877 to /127.0.0.1:58878" [_thread_blocked, id=41684, stack(0x000000001a8d0000,0x000000001a9d0000)]
  0x000000001842a000 JavaThread "Daemon worker" [_thread_in_native, id=7876, stack(0x000000001a7d0000,0x000000001a8d0000)]
  0x0000000017f28800 JavaThread "Cancel handler" [_thread_blocked, id=18196, stack(0x000000001a6d0000,0x000000001a7d0000)]
  0x00000000184f0000 JavaThread "Handler for socket connection from /127.0.0.1:58877 to /127.0.0.1:58878" [_thread_in_native, id=1580, stack(0x000000001a3d0000,0x000000001a4d0000)]
  0x00000000184ee800 JavaThread "Daemon" [_thread_blocked, id=38664, stack(0x000000001a2d0000,0x000000001a3d0000)]
  0x0000000017f2e000 JavaThread "Daemon periodic checks" [_thread_blocked, id=31024, stack(0x000000001a1d0000,0x000000001a2d0000)]
  0x0000000019196000 JavaThread "Incoming local TCP Connector on port 58877" [_thread_in_native, id=24452, stack(0x0000000019f70000,0x000000001a070000)]
  0x0000000016a8a000 JavaThread "Service Thread" daemon [_thread_blocked, id=17984, stack(0x0000000017c60000,0x0000000017d60000)]
  0x0000000016a1d800 JavaThread "C1 CompilerThread1" daemon [_thread_blocked, id=32600, stack(0x0000000017b60000,0x0000000017c60000)]
=>0x0000000016a1a800 JavaThread "C2 CompilerThread0" daemon [_thread_in_native, id=39584, stack(0x0000000017a60000,0x0000000017b60000)]
  0x0000000016a19800 JavaThread "Attach Listener" daemon [_thread_blocked, id=13248, stack(0x0000000017960000,0x0000000017a60000)]
  0x0000000016a14000 JavaThread "Signal Dispatcher" daemon [_thread_blocked, id=5484, stack(0x0000000017860000,0x0000000017960000)]
  0x0000000016a06800 JavaThread "Finalizer" daemon [_thread_blocked, id=29084, stack(0x0000000017650000,0x0000000017750000)]
  0x000000000326e000 JavaThread "Reference Handler" daemon [_thread_blocked, id=8136, stack(0x0000000017550000,0x0000000017650000)]
  0x0000000003182800 JavaThread "main" [_thread_blocked, id=7512, stack(0x0000000003050000,0x0000000003150000)]

Other Threads:
  0x00000000169e3800 VMThread [stack: 0x0000000017450000,0x0000000017550000] [id=3000]
  0x0000000016a8f800 WatcherThread [stack: 0x0000000017d60000,0x0000000017e60000] [id=14004]

VM state:not at safepoint (normal execution)

VM Mutex/Monitor currently owned by a thread: None

Heap:
 PSYoungGen      total 114688K, used 56526K [0x00000000e0000000, 0x00000000e7b00000, 0x0000000100000000)
  eden space 105472K, 45% used [0x00000000e0000000,0x00000000e2f026a0,0x00000000e6700000)
  from space 9216K, 91% used [0x00000000e7100000,0x00000000e7931250,0x00000000e7a00000)
  to   space 10240K, 0% used [0x00000000e6700000,0x00000000e6700000,0x00000000e7100000)
 ParOldGen       total 56832K, used 16220K [0x00000000a0000000, 0x00000000a3780000, 0x00000000e0000000)
  object space 56832K, 28% used [0x00000000a0000000,0x00000000a0fd7078,0x00000000a3780000)
 Metaspace       used 42634K, capacity 43748K, committed 44032K, reserved 1087488K
  class space    used 5762K, capacity 6096K, committed 6144K, reserved 1048576K

Card table byte_map: [0x00000000126b0000,0x00000000129c0000] byte_map_base: 0x00000000121b0000

Marking Bits: (ParMarkBitMap*) 0x000000005c4a5aa0
 Begin Bits: [0x0000000012dc0000, 0x00000000145c0000)
 End Bits:   [0x00000000145c0000, 0x0000000015dc0000)

Polling page: 0x0000000001710000

CodeCache: size=245760Kb used=13364Kb max_used=13364Kb free=232395Kb
 bounds [0x00000000032f0000, 0x0000000004010000, 0x00000000122f0000]
 total_blobs=4579 nmethods=3844 adapters=648
 compilation: enabled

Compilation events (10 events):
Event: 43.209 Thread 0x0000000016a1d800 4141       3       java.lang.Class::getDeclaredFields (18 bytes)
Event: 43.210 Thread 0x0000000016a1d800 nmethod 4141 0x0000000004004c50 code [0x0000000004004de0, 0x0000000004005018]
Event: 43.222 Thread 0x0000000016a1d800 4142       1       org.codehaus.groovy.runtime.callsite.AbstractCallSite::getArray (5 bytes)
Event: 43.222 Thread 0x0000000016a1d800 nmethod 4142 0x0000000004005110 code [0x0000000004005260, 0x0000000004005370]
Event: 43.231 Thread 0x0000000016a1d800 4143       1       java.lang.invoke.InnerClassLambdaMetafactory::access$300 (5 bytes)
Event: 43.231 Thread 0x0000000016a1d800 nmethod 4143 0x00000000040053d0 code [0x0000000004005520, 0x0000000004005610]
Event: 43.339 Thread 0x0000000016a1d800 4144       1       java.lang.invoke.MethodType::parameterType (7 bytes)
Event: 43.340 Thread 0x0000000016a1d800 nmethod 4144 0x0000000004005690 code [0x00000000040057e0, 0x0000000004005910]
Event: 43.399 Thread 0x0000000016a1d800 4145       3       org.gradle.internal.classloader.FilteringClassLoader::getPackage (22 bytes)
Event: 43.400 Thread 0x0000000016a1d800 nmethod 4145 0x00000000040059d0 code [0x0000000004005b40, 0x0000000004005d98]

GC Heap History (10 events):
Event: 18.226 GC heap before
{Heap before GC invocations=10 (full 1):
 PSYoungGen      total 70656K, used 64000K [0x00000000e0000000, 0x00000000e4d00000, 0x0000000100000000)
  eden space 64000K, 100% used [0x00000000e0000000,0x00000000e3e80000,0x00000000e3e80000)
  from space 6656K, 0% used [0x00000000e4580000,0x00000000e4580000,0x00000000e4c00000)
  to   space 7168K, 0% used [0x00000000e3e80000,0x00000000e3e80000,0x00000000e4580000)
 ParOldGen       total 35840K, used 9187K [0x00000000a0000000, 0x00000000a2300000, 0x00000000e0000000)
  object space 35840K, 25% used [0x00000000a0000000,0x00000000a08f8e90,0x00000000a2300000)
 Metaspace       used 26655K, capacity 27170K, committed 27392K, reserved 1073152K
  class space    used 3646K, capacity 3801K, committed 3840K, reserved 1048576K
Event: 18.247 GC heap after
Heap after GC invocations=10 (full 1):
 PSYoungGen      total 71168K, used 7106K [0x00000000e0000000, 0x00000000e6100000, 0x0000000100000000)
  eden space 64000K, 0% used [0x00000000e0000000,0x00000000e0000000,0x00000000e3e80000)
  from space 7168K, 99% used [0x00000000e3e80000,0x00000000e4570888,0x00000000e4580000)
  to   space 7680K, 0% used [0x00000000e5980000,0x00000000e5980000,0x00000000e6100000)
 ParOldGen       total 35840K, used 9195K [0x00000000a0000000, 0x00000000a2300000, 0x00000000e0000000)
  object space 35840K, 25% used [0x00000000a0000000,0x00000000a08fae90,0x00000000a2300000)
 Metaspace       used 26655K, capacity 27170K, committed 27392K, reserved 1073152K
  class space    used 3646K, capacity 3801K, committed 3840K, reserved 1048576K
}
Event: 26.164 GC heap before
{Heap before GC invocations=11 (full 1):
 PSYoungGen      total 71168K, used 71106K [0x00000000e0000000, 0x00000000e6100000, 0x0000000100000000)
  eden space 64000K, 100% used [0x00000000e0000000,0x00000000e3e80000,0x00000000e3e80000)
  from space 7168K, 99% used [0x00000000e3e80000,0x00000000e4570888,0x00000000e4580000)
  to   space 7680K, 0% used [0x00000000e5980000,0x00000000e5980000,0x00000000e6100000)
 ParOldGen       total 35840K, used 9195K [0x00000000a0000000, 0x00000000a2300000, 0x00000000e0000000)
  object space 35840K, 25% used [0x00000000a0000000,0x00000000a08fae90,0x00000000a2300000)
 Metaspace       used 29960K, capacity 30484K, committed 30720K, reserved 1075200K
  class space    used 4169K, capacity 4351K, committed 4352K, reserved 1048576K
Event: 26.248 GC heap after
Heap after GC invocations=11 (full 1):
 PSYoungGen      total 90624K, used 7664K [0x00000000e0000000, 0x00000000e6300000, 0x0000000100000000)
  eden space 82944K, 0% used [0x00000000e0000000,0x00000000e0000000,0x00000000e5100000)
  from space 7680K, 99% used [0x00000000e5980000,0x00000000e60fc290,0x00000000e6100000)
  to   space 8704K, 0% used [0x00000000e5100000,0x00000000e5100000,0x00000000e5980000)
 ParOldGen       total 35840K, used 9835K [0x00000000a0000000, 0x00000000a2300000, 0x00000000e0000000)
  object space 35840K, 27% used [0x00000000a0000000,0x00000000a099afc0,0x00000000a2300000)
 Metaspace       used 29960K, capacity 30484K, committed 30720K, reserved 1075200K
  class space    used 4169K, capacity 4351K, committed 4352K, reserved 1048576K
}
Event: 36.202 GC heap before
{Heap before GC invocations=12 (full 1):
 PSYoungGen      total 90624K, used 40386K [0x00000000e0000000, 0x00000000e6300000, 0x0000000100000000)
  eden space 82944K, 39% used [0x00000000e0000000,0x00000000e1ff4968,0x00000000e5100000)
  from space 7680K, 99% used [0x00000000e5980000,0x00000000e60fc290,0x00000000e6100000)
  to   space 8704K, 0% used [0x00000000e5100000,0x00000000e5100000,0x00000000e5980000)
 ParOldGen       total 35840K, used 9835K [0x00000000a0000000, 0x00000000a2300000, 0x00000000e0000000)
  object space 35840K, 27% used [0x00000000a0000000,0x00000000a099afc0,0x00000000a2300000)
 Metaspace       used 34527K, capacity 35264K, committed 35416K, reserved 1079296K
  class space    used 4787K, capacity 5052K, committed 5120K, reserved 1048576K
Event: 36.234 GC heap after
Heap after GC invocations=12 (full 1):
 PSYoungGen      total 91648K, used 6832K [0x00000000e0000000, 0x00000000e7a00000, 0x0000000100000000)
  eden space 82944K, 0% used [0x00000000e0000000,0x00000000e0000000,0x00000000e5100000)
  from space 8704K, 78% used [0x00000000e5100000,0x00000000e57ac020,0x00000000e5980000)
  to   space 9216K, 0% used [0x00000000e7100000,0x00000000e7100000,0x00000000e7a00000)
 ParOldGen       total 35840K, used 12856K [0x00000000a0000000, 0x00000000a2300000, 0x00000000e0000000)
  object space 35840K, 35% used [0x00000000a0000000,0x00000000a0c8e370,0x00000000a2300000)
 Metaspace       used 34527K, capacity 35264K, committed 35416K, reserved 1079296K
  class space    used 4787K, capacity 5052K, committed 5120K, reserved 1048576K
}
Event: 36.234 GC heap before
{Heap before GC invocations=13 (full 2):
 PSYoungGen      total 91648K, used 6832K [0x00000000e0000000, 0x00000000e7a00000, 0x0000000100000000)
  eden space 82944K, 0% used [0x00000000e0000000,0x00000000e0000000,0x00000000e5100000)
  from space 8704K, 78% used [0x00000000e5100000,0x00000000e57ac020,0x00000000e5980000)
  to   space 9216K, 0% used [0x00000000e7100000,0x00000000e7100000,0x00000000e7a00000)
 ParOldGen       total 35840K, used 12856K [0x00000000a0000000, 0x00000000a2300000, 0x00000000e0000000)
  object space 35840K, 35% used [0x00000000a0000000,0x00000000a0c8e370,0x00000000a2300000)
 Metaspace       used 34527K, capacity 35264K, committed 35416K, reserved 1079296K
  class space    used 4787K, capacity 5052K, committed 5120K, reserved 1048576K
Event: 36.482 GC heap after
Heap after GC invocations=13 (full 2):
 PSYoungGen      total 91648K, used 0K [0x00000000e0000000, 0x00000000e7a00000, 0x0000000100000000)
  eden space 82944K, 0% used [0x00000000e0000000,0x00000000e0000000,0x00000000e5100000)
  from space 8704K, 0% used [0x00000000e5100000,0x00000000e5100000,0x00000000e5980000)
  to   space 9216K, 0% used [0x00000000e7100000,0x00000000e7100000,0x00000000e7a00000)
 ParOldGen       total 56832K, used 16212K [0x00000000a0000000, 0x00000000a3780000, 0x00000000e0000000)
  object space 56832K, 28% used [0x00000000a0000000,0x00000000a0fd5078,0x00000000a3780000)
 Metaspace       used 34527K, capacity 35264K, committed 35416K, reserved 1079296K
  class space    used 4787K, capacity 5052K, committed 5120K, reserved 1048576K
}
Event: 41.217 GC heap before
{Heap before GC invocations=14 (full 2):
 PSYoungGen      total 91648K, used 82944K [0x00000000e0000000, 0x00000000e7a00000, 0x0000000100000000)
  eden space 82944K, 100% used [0x00000000e0000000,0x00000000e5100000,0x00000000e5100000)
  from space 8704K, 0% used [0x00000000e5100000,0x00000000e5100000,0x00000000e5980000)
  to   space 9216K, 0% used [0x00000000e7100000,0x00000000e7100000,0x00000000e7a00000)
 ParOldGen       total 56832K, used 16212K [0x00000000a0000000, 0x00000000a3780000, 0x00000000e0000000)
  object space 56832K, 28% used [0x00000000a0000000,0x00000000a0fd5078,0x00000000a3780000)
 Metaspace       used 39689K, capacity 40590K, committed 41088K, reserved 1085440K
  class space    used 5393K, capacity 5691K, committed 5760K, reserved 1048576K
Event: 41.256 GC heap after
Heap after GC invocations=14 (full 2):
 PSYoungGen      total 114688K, used 8388K [0x00000000e0000000, 0x00000000e7b00000, 0x0000000100000000)
  eden space 105472K, 0% used [0x00000000e0000000,0x00000000e0000000,0x00000000e6700000)
  from space 9216K, 91% used [0x00000000e7100000,0x00000000e7931250,0x00000000e7a00000)
  to   space 10240K, 0% used [0x00000000e6700000,0x00000000e6700000,0x00000000e7100000)
 ParOldGen       total 56832K, used 16220K [0x00000000a0000000, 0x00000000a3780000, 0x00000000e0000000)
  object space 56832K, 28% used [0x00000000a0000000,0x00000000a0fd7078,0x00000000a3780000)
 Metaspace       used 39689K, capacity 40590K, committed 41088K, reserved 1085440K
  class space    used 5393K, capacity 5691K, committed 5760K, reserved 1048576K
}

Deoptimization events (10 events):
Event: 38.080 Thread 0x000000001842a000 Uncommon trap: reason=unstable_if action=reinterpret pc=0x0000000003bc14fc method=java.util.HashMap.putVal(ILjava/lang/Object;Ljava/lang/Object;ZZ)Ljava/lang/Object; @ 162
Event: 38.083 Thread 0x000000001842a000 Uncommon trap: reason=unstable_if action=reinterpret pc=0x000000000369c3b0 method=java.util.HashMap.resize()[Ljava/util/HashMap$Node; @ 206
Event: 38.514 Thread 0x000000001842a000 Uncommon trap: reason=unstable_if action=reinterpret pc=0x0000000003df5d84 method=java.lang.reflect.Modifier.toString(I)Ljava/lang/String; @ 123
Event: 39.603 Thread 0x000000001842a000 Uncommon trap: reason=unstable_if action=reinterpret pc=0x00000000037918c4 method=java.lang.CharacterDataLatin1.isWhitespace(I)Z @ 14
Event: 40.088 Thread 0x000000001842a000 Uncommon trap: reason=unstable_if action=reinterpret pc=0x0000000003427cb4 method=java.security.CodeSource.getCertificates()[Ljava/security/cert/Certificate; @ 22
Event: 40.096 Thread 0x000000001842a000 Uncommon trap: reason=unstable_if action=reinterpret pc=0x0000000003d3969c method=java.security.CodeSource.matchCerts(Ljava/security/CodeSource;Z)Z @ 11
Event: 40.158 Thread 0x000000001842a000 Uncommon trap: reason=unstable_if action=reinterpret pc=0x0000000003cef93c method=java.util.LinkedHashMap.get(Ljava/lang/Object;)Ljava/lang/Object; @ 20
Event: 40.237 Thread 0x000000001842a000 Uncommon trap: reason=unstable_if action=reinterpret pc=0x0000000003d39c40 method=java.security.CodeSource.matchCerts(Ljava/security/CodeSource;Z)Z @ 11
Event: 40.447 Thread 0x000000001842a000 Uncommon trap: reason=unstable_if action=reinterpret pc=0x0000000003b39b30 method=org.objectweb.asm.ByteVector.putUTF8(Ljava/lang/String;)Lorg/objectweb/asm/ByteVector; @ 91
Event: 40.887 Thread 0x000000001842a000 Uncommon trap: reason=unstable_if action=reinterpret pc=0x0000000003a69c80 method=org.objectweb.asm.ByteVector.putUTF8(Ljava/lang/String;)Lorg/objectweb/asm/ByteVector; @ 91

Classes redefined (0 events):
No events

Internal exceptions (10 events):
Event: 43.099 Thread 0x000000001842a000 Exception <a 'java/lang/ClassNotFoundException': build_4uqafkmcfq3t3tf3hahaf92nd$_run_closure1BeanInfo> (0x00000000e24ea798) thrown at [D:\src\AOSP-openjdk-cygwin\jdk8u\hotspot\src\share\vm\classfile\systemDictionary.cpp, line 210]
Event: 43.100 Thread 0x000000001842a000 Exception <a 'java/lang/ClassNotFoundException': build_4uqafkmcfq3t3tf3hahaf92nd$_run_closure1Customizer> (0x00000000e24fa4b0) thrown at [D:\src\AOSP-openjdk-cygwin\jdk8u\hotspot\src\share\vm\classfile\systemDictionary.cpp, line 210]
Event: 43.187 Thread 0x000000001842a000 Exception <a 'java/lang/ClassNotFoundException': org/gradle/api/internal/file/collections/DefaultConfigurableFileTreeBeanInfo> (0x00000000e25f1108) thrown at [D:\src\AOSP-openjdk-cygwin\jdk8u\hotspot\src\share\vm\classfile\systemDictionary.cpp, line 210]
Event: 43.189 Thread 0x000000001842a000 Exception <a 'java/lang/ClassNotFoundException': org/gradle/api/internal/file/CompositeFileTreeBeanInfo> (0x00000000e2621f18) thrown at [D:\src\AOSP-openjdk-cygwin\jdk8u\hotspot\src\share\vm\classfile\systemDictionary.cpp, line 210]
Event: 43.191 Thread 0x000000001842a000 Exception <a 'java/lang/ClassNotFoundException': org/gradle/api/internal/file/CompositeFileCollectionBeanInfo> (0x00000000e26569a8) thrown at [D:\src\AOSP-openjdk-cygwin\jdk8u\hotspot\src\share\vm\classfile\systemDictionary.cpp, line 210]
Event: 43.193 Thread 0x000000001842a000 Exception <a 'java/lang/ClassNotFoundException': org/gradle/api/internal/file/AbstractFileCollectionBeanInfo> (0x00000000e268b620) thrown at [D:\src\AOSP-openjdk-cygwin\jdk8u\hotspot\src\share\vm\classfile\systemDictionary.cpp, line 210]
Event: 43.198 Thread 0x000000001842a000 Exception <a 'java/lang/ClassNotFoundException': org/gradle/api/internal/file/AbstractFileCollectionCustomizer> (0x00000000e26c0d00) thrown at [D:\src\AOSP-openjdk-cygwin\jdk8u\hotspot\src\share\vm\classfile\systemDictionary.cpp, line 210]
Event: 43.201 Thread 0x000000001842a000 Exception <a 'java/lang/ClassNotFoundException': org/gradle/api/internal/file/CompositeFileCollectionCustomizer> (0x00000000e2707310) thrown at [D:\src\AOSP-openjdk-cygwin\jdk8u\hotspot\src\share\vm\classfile\systemDictionary.cpp, line 210]
Event: 43.204 Thread 0x000000001842a000 Exception <a 'java/lang/ClassNotFoundException': org/gradle/api/internal/file/CompositeFileTreeCustomizer> (0x00000000e2748a60) thrown at [D:\src\AOSP-openjdk-cygwin\jdk8u\hotspot\src\share\vm\classfile\systemDictionary.cpp, line 210]
Event: 43.207 Thread 0x000000001842a000 Exception <a 'java/lang/ClassNotFoundException': org/gradle/api/internal/file/collections/DefaultConfigurableFileTreeCustomizer> (0x00000000e27942d8) thrown at [D:\src\AOSP-openjdk-cygwin\jdk8u\hotspot\src\share\vm\classfile\systemDictionary.cpp, line 210

Events (10 events):
Event: 43.522 loading class com/android/repository/api/RepositorySourceProvider
Event: 43.522 loading class com/android/repository/api/RepositorySourceProvider done
Event: 43.523 loading class com/android/repository/api/RepoManager
Event: 43.523 loading class com/android/repository/api/RepoManager done
Event: 43.523 loading class com/android/sdklib/repository/legacy/LegacyRemoteRepoLoader
Event: 43.523 loading class com/android/sdklib/repository/legacy/LegacyRemoteRepoLoader done
Event: 43.536 loading class com/android/sdklib/repository/legacy/remote/internal/sources/SdkSource
Event: 43.536 loading class com/android/sdklib/repository/legacy/remote/internal/sources/SdkSource done
Event: 43.540 loading class com/android/sdklib/repository/legacy/remote/internal/sources/SdkRepoSource
Event: 43.540 loading class com/android/sdklib/repository/legacy/remote/internal/sources/SdkRepoSource done


Dynamic libraries:
0x00007ff7e1e10000 - 0x00007ff7e1e41000 	C:\Program Files\Android\Android Studio\jre\bin\java.exe
0x00007ffa82bc0000 - 0x00007ffa82da1000 	C:\WINDOWS\SYSTEM32\ntdll.dll
0x00007ffa82710000 - 0x00007ffa827c2000 	C:\WINDOWS\System32\KERNEL32.DLL
0x00007ffa7ef90000 - 0x00007ffa7f203000 	C:\WINDOWS\System32\KERNELBASE.dll
0x00007ffa80880000 - 0x00007ffa80921000 	C:\WINDOWS\System32\ADVAPI32.dll
0x00007ffa80050000 - 0x00007ffa800ee000 	C:\WINDOWS\System32\msvcrt.dll
0x00007ffa800f0000 - 0x00007ffa8014b000 	C:\WINDOWS\System32\sechost.dll
0x00007ffa80a20000 - 0x00007ffa80b44000 	C:\WINDOWS\System32\RPCRT4.dll
0x00007ffa80bc0000 - 0x00007ffa80d50000 	C:\WINDOWS\System32\USER32.dll
0x00007ffa7fee0000 - 0x00007ffa7ff00000 	C:\WINDOWS\System32\win32u.dll
0x00007ffa827d0000 - 0x00007ffa827f8000 	C:\WINDOWS\System32\GDI32.dll
0x00007ffa7f3e0000 - 0x00007ffa7f572000 	C:\WINDOWS\System32\gdi32full.dll
0x00007ffa7f290000 - 0x00007ffa7f32f000 	C:\WINDOWS\System32\msvcp_win.dll
0x00007ffa7ff50000 - 0x00007ffa8004a000 	C:\WINDOWS\System32\ucrtbase.dll
0x00007ffa70c50000 - 0x00007ffa70eb9000 	C:\WINDOWS\WinSxS\amd64_microsoft.windows.common-controls_6595b64144ccf1df_6.0.17134.472_none_fb3f9af53068156d\COMCTL32.dll
0x00007ffa82800000 - 0x00007ffa82b22000 	C:\WINDOWS\System32\combase.dll
0x00007ffa7f210000 - 0x00007ffa7f28a000 	C:\WINDOWS\System32\bcryptPrimitives.dll
0x00007ffa81080000 - 0x00007ffa810ad000 	C:\WINDOWS\System32\IMM32.DLL
0x000000005b9b0000 - 0x000000005ba82000 	C:\Program Files\Android\Android Studio\jre\jre\bin\msvcr100.dll
0x000000005bce0000 - 0x000000005c521000 	C:\Program Files\Android\Android Studio\jre\jre\bin\server\jvm.dll
0x00007ffa80bb0000 - 0x00007ffa80bb8000 	C:\WINDOWS\System32\PSAPI.DLL
0x00007ffa7a580000 - 0x00007ffa7a589000 	C:\WINDOWS\SYSTEM32\WSOCK32.dll
0x00007ffa80ef0000 - 0x00007ffa80f5c000 	C:\WINDOWS\System32\WS2_32.dll
0x00007ffa7d160000 - 0x00007ffa7d183000 	C:\WINDOWS\SYSTEM32\WINMM.dll
0x00007ffa72340000 - 0x00007ffa7234a000 	C:\WINDOWS\SYSTEM32\VERSION.dll
0x00007ffa7d130000 - 0x00007ffa7d15a000 	C:\WINDOWS\SYSTEM32\WINMMBASE.dll
0x00007ffa7ff00000 - 0x00007ffa7ff49000 	C:\WINDOWS\System32\cfgmgr32.dll
0x00007ffa78a60000 - 0x00007ffa78a6f000 	C:\Program Files\Android\Android Studio\jre\jre\bin\verify.dll
0x00007ffa751b0000 - 0x00007ffa751d9000 	C:\Program Files\Android\Android Studio\jre\jre\bin\java.dll
0x00007ffa75190000 - 0x00007ffa751a6000 	C:\Program Files\Android\Android Studio\jre\jre\bin\zip.dll
0x00007ffa810b0000 - 0x00007ffa824f0000 	C:\WINDOWS\System32\SHELL32.dll
0x00007ffa80f70000 - 0x00007ffa81019000 	C:\WINDOWS\System32\shcore.dll
0x00007ffa7f7d0000 - 0x00007ffa7fedd000 	C:\WINDOWS\System32\windows.storage.dll
0x00007ffa80b50000 - 0x00007ffa80ba1000 	C:\WINDOWS\System32\shlwapi.dll
0x00007ffa7ef70000 - 0x00007ffa7ef81000 	C:\WINDOWS\System32\kernel.appcore.dll
0x00007ffa7ef30000 - 0x00007ffa7ef4f000 	C:\WINDOWS\System32\profapi.dll
0x00007ffa7eee0000 - 0x00007ffa7ef2c000 	C:\WINDOWS\System32\powrprof.dll
0x00007ffa7eed0000 - 0x00007ffa7eeda000 	C:\WINDOWS\System32\FLTLIB.DLL
0x00007ffa75170000 - 0x00007ffa7518a000 	C:\Program Files\Android\Android Studio\jre\jre\bin\net.dll
0x00007ffa7e6f0000 - 0x00007ffa7e756000 	C:\WINDOWS\system32\mswsock.dll
0x00007ffa75150000 - 0x00007ffa75161000 	C:\Program Files\Android\Android Studio\jre\jre\bin\nio.dll
0x00007ffa70370000 - 0x00007ffa7038e000 	C:\Users\Alexandra\.gradle\native\25\windows-amd64\native-platform.dll
0x00007ffa786e0000 - 0x00007ffa786ed000 	C:\Program Files\Android\Android Studio\jre\jre\bin\management.dll
0x00007ffa7e8a0000 - 0x00007ffa7e8b7000 	C:\WINDOWS\SYSTEM32\CRYPTSP.dll
0x00007ffa7e2d0000 - 0x00007ffa7e303000 	C:\WINDOWS\system32\rsaenh.dll
0x00007ffa7e9d0000 - 0x00007ffa7e9f5000 	C:\WINDOWS\SYSTEM32\bcrypt.dll
0x00007ffa7edd0000 - 0x00007ffa7edf8000 	C:\WINDOWS\SYSTEM32\USERENV.dll
0x00007ffa7e8c0000 - 0x00007ffa7e8cb000 	C:\WINDOWS\SYSTEM32\CRYPTBASE.dll
0x00007ffa7e470000 - 0x00007ffa7e4a8000 	C:\WINDOWS\SYSTEM32\IPHLPAPI.DLL
0x00007ffa805a0000 - 0x00007ffa805a8000 	C:\WINDOWS\System32\NSI.dll
0x00007ffa77eb0000 - 0x00007ffa77ec6000 	C:\WINDOWS\SYSTEM32\dhcpcsvc6.DLL
0x00007ffa77d90000 - 0x00007ffa77daa000 	C:\WINDOWS\SYSTEM32\dhcpcsvc.DLL
0x00007ffa70ef0000 - 0x00007ffa710b9000 	C:\WINDOWS\SYSTEM32\dbghelp.dll

VM Arguments:
jvm_args: -Xmx1536m -Dfile.encoding=windows-1252 -Duser.country=PT -Duser.language=pt -Duser.variant 
java_command: org.gradle.launcher.daemon.bootstrap.GradleDaemon 4.6
java_class_path (initial): C:\Users\Alexandra\.gradle\wrapper\dists\gradle-4.6-all\bcst21l2brirad8k2ben1letg\gradle-4.6\lib\gradle-launcher-4.6.jar
Launcher Type: SUN_STANDARD

Environment Variables:
JAVA_HOME=C:\Program Files\Java\jdk1.8.0_144
PATH=C:\ProgramData\Oracle\Java\javapath;C:\WINDOWS\system32;C:\WINDOWS;C:\WINDOWS\System32\Wbem;C:\WINDOWS\System32\WindowsPowerShell\v1.0\;C:\Program Files\Java\jdk1.8.0_144\bin;C:\Program Files\RedHat\java-1.8.0-openjdk-1.8.0.144-1\bin;C:\Program Files\NetBeans 8.2\extide\ant\bin;C:\Program Files\Git\cmd;C:\Program Files (x86)\OpenVPN\bin;C:\Program Files\MongoDB\Server\3.6\bin;C:\Program Files\MiKTeX 2.9\miktex\bin\x64\;C:\Program Files\nodejs\;C:\Program Files\Microsoft SQL Server\Client SDK\ODBC\130\Tools\Binn\;C:\Program Files (x86)\Microsoft SQL Server\140\Tools\Binn\;C:\Program Files\Microsoft SQL Server\140\Tools\Binn\;C:\Program Files\Microsoft SQL Server\140\DTS\Binn\;C:\WINDOWS\System32\OpenSSH\;C:\Program Files (x86)\Microsoft SQL Server\Client SDK\ODBC\130\Tools\Binn\;C:\Program Files (x86)\Microsoft SQL Server\140\DTS\Binn\;C:\Program Files (x86)\Microsoft SQL Server\140\Tools\Binn\ManagementStudio\;C:\Program Files\dotnet\;C:\Program Files\Microsoft SQL Server\130\Tools\Binn\;C:\Program Files (x86)\Microsoft SQL Server\100\Tools\Binn\;C:\Program Files (x86)\Microsoft SQL Server\100\DTS\Binn\;C:\Users\Alexandra\AppData\Local\Microsoft\WindowsApps;;C:\Program Files\Microsoft VS Code\bin;C:\Users\Alexandra\AppData\Roaming\npm
USERNAME=Alexandra
OS=Windows_NT
PROCESSOR_IDENTIFIER=Intel64 Family 6 Model 55 Stepping 8, GenuineIntel



---------------  S Y S T E M  ---------------

OS: Windows 10.0 , 64 bit Build 17134 (10.0.17134.1)

CPU:total 2 (initial active 2) (2 cores per cpu, 1 threads per core) family 6 model 55 stepping 8, cmov, cx8, fxsr, mmx, sse, sse2, sse3, ssse3, sse4.1, sse4.2, popcnt, clmul, erms, 3dnowpref, tsc, tscinvbit

Memory: 4k page, physical 4078268k(970864k free), swap 6285104k(2323180k free)

vm_info: OpenJDK 64-Bit Server VM (25.152-b06) for windows-amd64 JRE (1.8.0_152-release-1136-b06), built by "builder" with MS VC++ 10.0 (VS2010)

time: Sat Dec 29 11:00:59 2018
elapsed time: 43 seconds (0d 0h 0m 43s)

